0 info it worked if it ends with ok
1 verbose cli [ 'C:\\Program Files\\nodejs\\node.exe',
1 verbose cli   'C:\\Program Files\\nodejs\\node_modules\\npm\\bin\\npm-cli.js',
1 verbose cli   'install' ]
2 info using npm@2.14.7
3 info using node@v4.2.3
4 verbose readDependencies loading dependencies from C:\Users\Administrator\Desktop\RFT\RFT_hospital_net\Webapp\package.json
5 verbose install where, deps [ 'C:\\Users\\Administrator\\Desktop\\RFT\\RFT_hospital_net\\Webapp',
5 verbose install   [ 'http-server',
5 verbose install     'gulp',
5 verbose install     'gulp-sass',
5 verbose install     'gulp-concat',
5 verbose install     'gulp-uglify',
5 verbose install     'gulp-rename',
5 verbose install     'gulp-file-include',
5 verbose install     'run-sequence',
5 verbose install     'bower' ] ]
6 verbose install where, peers [ 'C:\\Users\\Administrator\\Desktop\\RFT\\RFT_hospital_net\\Webapp',
6 verbose install   [] ]
7 verbose installManyTop reading for lifecycle C:\Users\Administrator\Desktop\RFT\RFT_hospital_net\Webapp\package.json
8 info preinstall HospitalNet@0.0.0
9 verbose installManyTop reading scoped package data from C:\Users\Administrator\Desktop\RFT\RFT_hospital_net\Webapp\node_modules\bower\package.json
10 verbose installManyTop reading scoped package data from C:\Users\Administrator\Desktop\RFT\RFT_hospital_net\Webapp\node_modules\gulp\package.json
11 verbose installManyTop reading scoped package data from C:\Users\Administrator\Desktop\RFT\RFT_hospital_net\Webapp\node_modules\gulp-concat\package.json
12 verbose installManyTop reading scoped package data from C:\Users\Administrator\Desktop\RFT\RFT_hospital_net\Webapp\node_modules\gulp-file-include\package.json
13 verbose installManyTop reading scoped package data from C:\Users\Administrator\Desktop\RFT\RFT_hospital_net\Webapp\node_modules\gulp-rename\package.json
14 verbose installManyTop reading scoped package data from C:\Users\Administrator\Desktop\RFT\RFT_hospital_net\Webapp\node_modules\gulp-sass\package.json
15 verbose installManyTop reading scoped package data from C:\Users\Administrator\Desktop\RFT\RFT_hospital_net\Webapp\node_modules\gulp-uglify\package.json
16 verbose installManyTop reading scoped package data from C:\Users\Administrator\Desktop\RFT\RFT_hospital_net\Webapp\node_modules\http-server\package.json
17 verbose installManyTop reading scoped package data from C:\Users\Administrator\Desktop\RFT\RFT_hospital_net\Webapp\node_modules\run-sequence\package.json
18 info package.json http-server@0.6.1 No license field.
19 info package.json gulp-rename@1.2.2 No license field.
20 verbose readDependencies loading dependencies from C:\Users\Administrator\Desktop\RFT\RFT_hospital_net\Webapp\package.json
21 verbose targetResolver reading package data from C:\Users\Administrator\Desktop\RFT\RFT_hospital_net\Webapp\node_modules\bower\package.json
22 verbose targetResolver reading package data from C:\Users\Administrator\Desktop\RFT\RFT_hospital_net\Webapp\node_modules\gulp\package.json
23 verbose targetResolver reading package data from C:\Users\Administrator\Desktop\RFT\RFT_hospital_net\Webapp\node_modules\gulp-concat\package.json
24 verbose targetResolver reading package data from C:\Users\Administrator\Desktop\RFT\RFT_hospital_net\Webapp\node_modules\gulp-file-include\package.json
25 verbose targetResolver reading package data from C:\Users\Administrator\Desktop\RFT\RFT_hospital_net\Webapp\node_modules\gulp-rename\package.json
26 verbose targetResolver reading package data from C:\Users\Administrator\Desktop\RFT\RFT_hospital_net\Webapp\node_modules\gulp-sass\package.json
27 verbose targetResolver reading package data from C:\Users\Administrator\Desktop\RFT\RFT_hospital_net\Webapp\node_modules\gulp-uglify\package.json
28 verbose targetResolver reading package data from C:\Users\Administrator\Desktop\RFT\RFT_hospital_net\Webapp\node_modules\http-server\package.json
29 verbose targetResolver reading package data from C:\Users\Administrator\Desktop\RFT\RFT_hospital_net\Webapp\node_modules\run-sequence\package.json
30 verbose targetResolver reading package data from C:\Users\Administrator\Desktop\RFT\RFT_hospital_net\Webapp\node_modules\.bin\bower\package.json
31 verbose targetResolver reading package data from C:\Users\Administrator\Desktop\RFT\RFT_hospital_net\Webapp\node_modules\.bin\bower.cmd\package.json
32 verbose targetResolver reading package data from C:\Users\Administrator\Desktop\RFT\RFT_hospital_net\Webapp\node_modules\.bin\gulp\package.json
33 verbose targetResolver reading package data from C:\Users\Administrator\Desktop\RFT\RFT_hospital_net\Webapp\node_modules\.bin\gulp.cmd\package.json
34 verbose targetResolver reading package data from C:\Users\Administrator\Desktop\RFT\RFT_hospital_net\Webapp\node_modules\.bin\http-server\package.json
35 verbose targetResolver reading package data from C:\Users\Administrator\Desktop\RFT\RFT_hospital_net\Webapp\node_modules\.bin\http-server.cmd\package.json
36 verbose already installed skipping gulp@* C:\Users\Administrator\Desktop\RFT\RFT_hospital_net\Webapp
37 verbose already installed skipping gulp-sass@* C:\Users\Administrator\Desktop\RFT\RFT_hospital_net\Webapp
38 verbose already installed skipping gulp-concat@* C:\Users\Administrator\Desktop\RFT\RFT_hospital_net\Webapp
39 verbose already installed skipping gulp-uglify@* C:\Users\Administrator\Desktop\RFT\RFT_hospital_net\Webapp
40 verbose already installed skipping gulp-rename@* C:\Users\Administrator\Desktop\RFT\RFT_hospital_net\Webapp
41 verbose already installed skipping gulp-file-include@* C:\Users\Administrator\Desktop\RFT\RFT_hospital_net\Webapp
42 verbose already installed skipping run-sequence@* C:\Users\Administrator\Desktop\RFT\RFT_hospital_net\Webapp
43 verbose already installed skipping bower@^1.3.1 C:\Users\Administrator\Desktop\RFT\RFT_hospital_net\Webapp
44 verbose already installed skipping http-server@^0.6.1 C:\Users\Administrator\Desktop\RFT\RFT_hospital_net\Webapp
45 silly install resolved []
46 info build C:\Users\Administrator\Desktop\RFT\RFT_hospital_net\Webapp
47 info linkStuff HospitalNet@0.0.0
48 silly linkStuff HospitalNet@0.0.0 has C:\Users\Administrator\Desktop\RFT\RFT_hospital_net as its parent node_modules
49 verbose linkBins HospitalNet@0.0.0
50 verbose linkMans HospitalNet@0.0.0
51 verbose rebuildBundles HospitalNet@0.0.0
52 verbose rebuildBundles [ '.bin',
52 verbose rebuildBundles   'bower',
52 verbose rebuildBundles   'gulp',
52 verbose rebuildBundles   'gulp-concat',
52 verbose rebuildBundles   'gulp-file-include',
52 verbose rebuildBundles   'gulp-rename',
52 verbose rebuildBundles   'gulp-sass',
52 verbose rebuildBundles   'gulp-uglify',
52 verbose rebuildBundles   'http-server',
52 verbose rebuildBundles   'run-sequence' ]
53 info install HospitalNet@0.0.0
54 verbose unsafe-perm in lifecycle true
55 info HospitalNet@0.0.0 Failed to exec install script
56 verbose stack Error: HospitalNet@0.0.0 install: `bower install`
56 verbose stack Exit status 1
56 verbose stack     at EventEmitter.<anonymous> (C:\Program Files\nodejs\node_modules\npm\lib\utils\lifecycle.js:214:16)
56 verbose stack     at emitTwo (events.js:87:13)
56 verbose stack     at EventEmitter.emit (events.js:172:7)
56 verbose stack     at ChildProcess.<anonymous> (C:\Program Files\nodejs\node_modules\npm\lib\utils\spawn.js:24:14)
56 verbose stack     at emitTwo (events.js:87:13)
56 verbose stack     at ChildProcess.emit (events.js:172:7)
56 verbose stack     at maybeClose (internal/child_process.js:818:16)
56 verbose stack     at Process.ChildProcess._handle.onexit (internal/child_process.js:211:5)
57 verbose pkgid HospitalNet@0.0.0
58 verbose cwd C:\Users\Administrator\Desktop\RFT\RFT_hospital_net\Webapp
59 error Windows_NT 6.1.7600
60 error argv "C:\\Program Files\\nodejs\\node.exe" "C:\\Program Files\\nodejs\\node_modules\\npm\\bin\\npm-cli.js" "install"
61 error node v4.2.3
62 error npm  v2.14.7
63 error code ELIFECYCLE
64 error HospitalNet@0.0.0 install: `bower install`
64 error Exit status 1
65 error Failed at the HospitalNet@0.0.0 install script 'bower install'.
65 error This is most likely a problem with the HospitalNet package,
65 error not with npm itself.
65 error Tell the author that this fails on your system:
65 error     bower install
65 error You can get their info via:
65 error     npm owner ls HospitalNet
65 error There is likely additional logging output above.
66 verbose exit [ 1, true ]
